::1 - - [Fri, 20 Feb 2015 13:45:51 GMT] "GET / HTTP/1.1" 200 4980 "-" "Mozilla/5.0 (Macintosh; Intel Mac OS X 10_10_2) AppleWebKit/537.36 (KHTML, like Gecko) Chrome/40.0.2214.115 Safari/537.36"
::1 - - [Fri, 20 Feb 2015 13:45:51 GMT] "GET /bootstrap/css/bootstrap.min.css HTTP/1.1" 304 - "http://localhost:8080/" "Mozilla/5.0 (Macintosh; Intel Mac OS X 10_10_2) AppleWebKit/537.36 (KHTML, like Gecko) Chrome/40.0.2214.115 Safari/537.36"
::1 - - [Fri, 20 Feb 2015 13:45:51 GMT] "GET /resources/font-awesome-4.1.0/css/font-awesome.min.css HTTP/1.1" 304 - "http://localhost:8080/" "Mozilla/5.0 (Macintosh; Intel Mac OS X 10_10_2) AppleWebKit/537.36 (KHTML, like Gecko) Chrome/40.0.2214.115 Safari/537.36"
::1 - - [Fri, 20 Feb 2015 13:45:51 GMT] "GET /stylesheets/most-wanted-style.css HTTP/1.1" 304 - "http://localhost:8080/" "Mozilla/5.0 (Macintosh; Intel Mac OS X 10_10_2) AppleWebKit/537.36 (KHTML, like Gecko) Chrome/40.0.2214.115 Safari/537.36"
::1 - - [Fri, 20 Feb 2015 13:45:51 GMT] "GET /stylesheets/tipfeed-style.css HTTP/1.1" 200 4871 "http://localhost:8080/" "Mozilla/5.0 (Macintosh; Intel Mac OS X 10_10_2) AppleWebKit/537.36 (KHTML, like Gecko) Chrome/40.0.2214.115 Safari/537.36"
::1 - - [Fri, 20 Feb 2015 13:45:51 GMT] "GET /stylesheets/video-archive-style.css HTTP/1.1" 200 1027 "http://localhost:8080/" "Mozilla/5.0 (Macintosh; Intel Mac OS X 10_10_2) AppleWebKit/537.36 (KHTML, like Gecko) Chrome/40.0.2214.115 Safari/537.36"
::1 - - [Fri, 20 Feb 2015 13:45:51 GMT] "GET /stylesheets/video-streams-style.css HTTP/1.1" 200 2566 "http://localhost:8080/" "Mozilla/5.0 (Macintosh; Intel Mac OS X 10_10_2) AppleWebKit/537.36 (KHTML, like Gecko) Chrome/40.0.2214.115 Safari/537.36"
::1 - - [Fri, 20 Feb 2015 13:45:51 GMT] "GET /stylesheets/ngDialog.min.css HTTP/1.1" 304 - "http://localhost:8080/" "Mozilla/5.0 (Macintosh; Intel Mac OS X 10_10_2) AppleWebKit/537.36 (KHTML, like Gecko) Chrome/40.0.2214.115 Safari/537.36"
::1 - - [Fri, 20 Feb 2015 13:45:51 GMT] "GET /stylesheets/spinner.css HTTP/1.1" 304 - "http://localhost:8080/" "Mozilla/5.0 (Macintosh; Intel Mac OS X 10_10_2) AppleWebKit/537.36 (KHTML, like Gecko) Chrome/40.0.2214.115 Safari/537.36"
::1 - - [Fri, 20 Feb 2015 13:45:51 GMT] "GET /stylesheets/error-dialog-style.css HTTP/1.1" 304 - "http://localhost:8080/" "Mozilla/5.0 (Macintosh; Intel Mac OS X 10_10_2) AppleWebKit/537.36 (KHTML, like Gecko) Chrome/40.0.2214.115 Safari/537.36"
::1 - - [Fri, 20 Feb 2015 13:45:51 GMT] "GET /stylesheets/ngDialog/ngDialog-theme-plain.css HTTP/1.1" 304 - "http://localhost:8080/" "Mozilla/5.0 (Macintosh; Intel Mac OS X 10_10_2) AppleWebKit/537.36 (KHTML, like Gecko) Chrome/40.0.2214.115 Safari/537.36"
::1 - - [Fri, 20 Feb 2015 13:45:51 GMT] "GET /stylesheets/ngDialog/ngDialog-attachment.css HTTP/1.1" 304 - "http://localhost:8080/" "Mozilla/5.0 (Macintosh; Intel Mac OS X 10_10_2) AppleWebKit/537.36 (KHTML, like Gecko) Chrome/40.0.2214.115 Safari/537.36"
::1 - - [Fri, 20 Feb 2015 13:45:51 GMT] "GET /stylesheets/ngDialog/ngDialog-error.css HTTP/1.1" 304 - "http://localhost:8080/" "Mozilla/5.0 (Macintosh; Intel Mac OS X 10_10_2) AppleWebKit/537.36 (KHTML, like Gecko) Chrome/40.0.2214.115 Safari/537.36"
::1 - - [Fri, 20 Feb 2015 13:45:51 GMT] "GET /stylesheets/login-dialog-style.css HTTP/1.1" 304 - "http://localhost:8080/" "Mozilla/5.0 (Macintosh; Intel Mac OS X 10_10_2) AppleWebKit/537.36 (KHTML, like Gecko) Chrome/40.0.2214.115 Safari/537.36"
::1 - - [Fri, 20 Feb 2015 13:45:51 GMT] "GET /stylesheets/angular-snap.min.css HTTP/1.1" 304 - "http://localhost:8080/" "Mozilla/5.0 (Macintosh; Intel Mac OS X 10_10_2) AppleWebKit/537.36 (KHTML, like Gecko) Chrome/40.0.2214.115 Safari/537.36"
::1 - - [Fri, 20 Feb 2015 13:45:51 GMT] "GET /stylesheets/maps-style.css HTTP/1.1" 304 - "http://localhost:8080/" "Mozilla/5.0 (Macintosh; Intel Mac OS X 10_10_2) AppleWebKit/537.36 (KHTML, like Gecko) Chrome/40.0.2214.115 Safari/537.36"
::1 - - [Fri, 20 Feb 2015 13:45:51 GMT] "GET /stylesheets/custom.css HTTP/1.1" 200 2378 "http://localhost:8080/" "Mozilla/5.0 (Macintosh; Intel Mac OS X 10_10_2) AppleWebKit/537.36 (KHTML, like Gecko) Chrome/40.0.2214.115 Safari/537.36"
::1 - - [Fri, 20 Feb 2015 13:45:51 GMT] "GET /stylesheets/profile-style.css HTTP/1.1" 304 - "http://localhost:8080/" "Mozilla/5.0 (Macintosh; Intel Mac OS X 10_10_2) AppleWebKit/537.36 (KHTML, like Gecko) Chrome/40.0.2214.115 Safari/537.36"
::1 - - [Fri, 20 Feb 2015 13:45:51 GMT] "GET /stylesheets/data-analysis-style.css HTTP/1.1" 304 - "http://localhost:8080/" "Mozilla/5.0 (Macintosh; Intel Mac OS X 10_10_2) AppleWebKit/537.36 (KHTML, like Gecko) Chrome/40.0.2214.115 Safari/537.36"
::1 - - [Fri, 20 Feb 2015 13:45:52 GMT] "GET /stylesheets/ngToast.min.css HTTP/1.1" 304 - "http://localhost:8080/" "Mozilla/5.0 (Macintosh; Intel Mac OS X 10_10_2) AppleWebKit/537.36 (KHTML, like Gecko) Chrome/40.0.2214.115 Safari/537.36"
::1 - - [Fri, 20 Feb 2015 13:45:52 GMT] "GET /javascript/client.socket.io-1.0.4.js HTTP/1.1" 304 - "http://localhost:8080/" "Mozilla/5.0 (Macintosh; Intel Mac OS X 10_10_2) AppleWebKit/537.36 (KHTML, like Gecko) Chrome/40.0.2214.115 Safari/537.36"
::1 - - [Fri, 20 Feb 2015 13:45:52 GMT] "GET /javascript/jquery-1.11.1.min.js HTTP/1.1" 304 - "http://localhost:8080/" "Mozilla/5.0 (Macintosh; Intel Mac OS X 10_10_2) AppleWebKit/537.36 (KHTML, like Gecko) Chrome/40.0.2214.115 Safari/537.36"
::1 - - [Fri, 20 Feb 2015 13:45:52 GMT] "GET /javascript/jquery-ui.js HTTP/1.1" 304 - "http://localhost:8080/" "Mozilla/5.0 (Macintosh; Intel Mac OS X 10_10_2) AppleWebKit/537.36 (KHTML, like Gecko) Chrome/40.0.2214.115 Safari/537.36"
::1 - - [Fri, 20 Feb 2015 13:45:52 GMT] "GET /javascript/angular.min.js HTTP/1.1" 304 - "http://localhost:8080/" "Mozilla/5.0 (Macintosh; Intel Mac OS X 10_10_2) AppleWebKit/537.36 (KHTML, like Gecko) Chrome/40.0.2214.115 Safari/537.36"
::1 - - [Fri, 20 Feb 2015 13:45:52 GMT] "GET /javascript/angular-file-upload-shim.min.js HTTP/1.1" 304 - "http://localhost:8080/" "Mozilla/5.0 (Macintosh; Intel Mac OS X 10_10_2) AppleWebKit/537.36 (KHTML, like Gecko) Chrome/40.0.2214.115 Safari/537.36"
::1 - - [Fri, 20 Feb 2015 13:45:52 GMT] "GET /javascript/lodash-underscore.min.js HTTP/1.1" 304 - "http://localhost:8080/" "Mozilla/5.0 (Macintosh; Intel Mac OS X 10_10_2) AppleWebKit/537.36 (KHTML, like Gecko) Chrome/40.0.2214.115 Safari/537.36"
::1 - - [Fri, 20 Feb 2015 13:45:52 GMT] "GET /javascript/angular-google-maps.min.js HTTP/1.1" 304 - "http://localhost:8080/" "Mozilla/5.0 (Macintosh; Intel Mac OS X 10_10_2) AppleWebKit/537.36 (KHTML, like Gecko) Chrome/40.0.2214.115 Safari/537.36"
::1 - - [Fri, 20 Feb 2015 13:45:52 GMT] "GET /javascript/ngDialog.min.js HTTP/1.1" 304 - "http://localhost:8080/" "Mozilla/5.0 (Macintosh; Intel Mac OS X 10_10_2) AppleWebKit/537.36 (KHTML, like Gecko) Chrome/40.0.2214.115 Safari/537.36"
::1 - - [Fri, 20 Feb 2015 13:45:52 GMT] "GET /javascript/angular-file-upload.min.js HTTP/1.1" 304 - "http://localhost:8080/" "Mozilla/5.0 (Macintosh; Intel Mac OS X 10_10_2) AppleWebKit/537.36 (KHTML, like Gecko) Chrome/40.0.2214.115 Safari/537.36"
::1 - - [Fri, 20 Feb 2015 13:45:52 GMT] "GET /javascript/socket.min.js HTTP/1.1" 304 - "http://localhost:8080/" "Mozilla/5.0 (Macintosh; Intel Mac OS X 10_10_2) AppleWebKit/537.36 (KHTML, like Gecko) Chrome/40.0.2214.115 Safari/537.36"
::1 - - [Fri, 20 Feb 2015 13:45:52 GMT] "GET /javascript/angular-ui-router.min.js HTTP/1.1" 304 - "http://localhost:8080/" "Mozilla/5.0 (Macintosh; Intel Mac OS X 10_10_2) AppleWebKit/537.36 (KHTML, like Gecko) Chrome/40.0.2214.115 Safari/537.36"
::1 - - [Fri, 20 Feb 2015 13:45:52 GMT] "GET /javascript/angular-ui.js HTTP/1.1" 304 - "http://localhost:8080/" "Mozilla/5.0 (Macintosh; Intel Mac OS X 10_10_2) AppleWebKit/537.36 (KHTML, like Gecko) Chrome/40.0.2214.115 Safari/537.36"
::1 - - [Fri, 20 Feb 2015 13:45:52 GMT] "GET /javascript/sortable.js HTTP/1.1" 304 - "http://localhost:8080/" "Mozilla/5.0 (Macintosh; Intel Mac OS X 10_10_2) AppleWebKit/537.36 (KHTML, like Gecko) Chrome/40.0.2214.115 Safari/537.36"
::1 - - [Fri, 20 Feb 2015 13:45:52 GMT] "GET /javascript/sentihelm-mostwanted.js HTTP/1.1" 304 - "http://localhost:8080/" "Mozilla/5.0 (Macintosh; Intel Mac OS X 10_10_2) AppleWebKit/537.36 (KHTML, like Gecko) Chrome/40.0.2214.115 Safari/537.36"
::1 - - [Fri, 20 Feb 2015 13:45:52 GMT] "GET /javascript/sentihelm-chat.js HTTP/1.1" 200 8147 "http://localhost:8080/" "Mozilla/5.0 (Macintosh; Intel Mac OS X 10_10_2) AppleWebKit/537.36 (KHTML, like Gecko) Chrome/40.0.2214.115 Safari/537.36"
::1 - - [Fri, 20 Feb 2015 13:45:52 GMT] "GET /javascript/spin.js HTTP/1.1" 304 - "http://localhost:8080/" "Mozilla/5.0 (Macintosh; Intel Mac OS X 10_10_2) AppleWebKit/537.36 (KHTML, like Gecko) Chrome/40.0.2214.115 Safari/537.36"
::1 - - [Fri, 20 Feb 2015 13:45:52 GMT] "GET /javascript/sentihelm-ng.js HTTP/1.1" 200 131588 "http://localhost:8080/" "Mozilla/5.0 (Macintosh; Intel Mac OS X 10_10_2) AppleWebKit/537.36 (KHTML, like Gecko) Chrome/40.0.2214.115 Safari/537.36"
::1 - - [Fri, 20 Feb 2015 13:45:52 GMT] "GET /javascript/angular-spinner.min.js HTTP/1.1" 304 - "http://localhost:8080/" "Mozilla/5.0 (Macintosh; Intel Mac OS X 10_10_2) AppleWebKit/537.36 (KHTML, like Gecko) Chrome/40.0.2214.115 Safari/537.36"
::1 - - [Fri, 20 Feb 2015 13:45:52 GMT] "GET /javascript/angular-snap.min.js HTTP/1.1" 304 - "http://localhost:8080/" "Mozilla/5.0 (Macintosh; Intel Mac OS X 10_10_2) AppleWebKit/537.36 (KHTML, like Gecko) Chrome/40.0.2214.115 Safari/537.36"
::1 - - [Fri, 20 Feb 2015 13:45:52 GMT] "GET /javascript/snap.min.js HTTP/1.1" 304 - "http://localhost:8080/" "Mozilla/5.0 (Macintosh; Intel Mac OS X 10_10_2) AppleWebKit/537.36 (KHTML, like Gecko) Chrome/40.0.2214.115 Safari/537.36"
::1 - - [Fri, 20 Feb 2015 13:45:52 GMT] "GET /javascript/angular-base64-upload.min.js HTTP/1.1" 304 - "http://localhost:8080/" "Mozilla/5.0 (Macintosh; Intel Mac OS X 10_10_2) AppleWebKit/537.36 (KHTML, like Gecko) Chrome/40.0.2214.115 Safari/537.36"
::1 - - [Fri, 20 Feb 2015 13:45:52 GMT] "GET /javascript/ng-google-chart.js HTTP/1.1" 304 - "http://localhost:8080/" "Mozilla/5.0 (Macintosh; Intel Mac OS X 10_10_2) AppleWebKit/537.36 (KHTML, like Gecko) Chrome/40.0.2214.115 Safari/537.36"
::1 - - [Fri, 20 Feb 2015 13:45:52 GMT] "GET /javascript/ngToast.min.js HTTP/1.1" 304 - "http://localhost:8080/" "Mozilla/5.0 (Macintosh; Intel Mac OS X 10_10_2) AppleWebKit/537.36 (KHTML, like Gecko) Chrome/40.0.2214.115 Safari/537.36"
::1 - - [Fri, 20 Feb 2015 13:45:52 GMT] "GET /javascript/ng-csv.min.js HTTP/1.1" 304 - "http://localhost:8080/" "Mozilla/5.0 (Macintosh; Intel Mac OS X 10_10_2) AppleWebKit/537.36 (KHTML, like Gecko) Chrome/40.0.2214.115 Safari/537.36"
::1 - - [Fri, 20 Feb 2015 13:45:52 GMT] "GET /javascript/ngAudio.js HTTP/1.1" 304 - "http://localhost:8080/" "Mozilla/5.0 (Macintosh; Intel Mac OS X 10_10_2) AppleWebKit/537.36 (KHTML, like Gecko) Chrome/40.0.2214.115 Safari/537.36"
::1 - - [Fri, 20 Feb 2015 13:45:58 GMT] "GET /bootstrap/css/bootstrap.min.css HTTP/1.1" 304 - "http://localhost:8080/" "Mozilla/5.0 (Macintosh; Intel Mac OS X 10_10_2) AppleWebKit/537.36 (KHTML, like Gecko) Chrome/40.0.2214.115 Safari/537.36"
::1 - - [Fri, 20 Feb 2015 13:45:58 GMT] "GET /resources/font-awesome-4.1.0/css/font-awesome.min.css HTTP/1.1" 304 - "http://localhost:8080/" "Mozilla/5.0 (Macintosh; Intel Mac OS X 10_10_2) AppleWebKit/537.36 (KHTML, like Gecko) Chrome/40.0.2214.115 Safari/537.36"
::1 - - [Fri, 20 Feb 2015 13:45:58 GMT] "GET /stylesheets/tipfeed-style.css HTTP/1.1" 304 - "http://localhost:8080/" "Mozilla/5.0 (Macintosh; Intel Mac OS X 10_10_2) AppleWebKit/537.36 (KHTML, like Gecko) Chrome/40.0.2214.115 Safari/537.36"
::1 - - [Fri, 20 Feb 2015 13:45:58 GMT] "GET /stylesheets/most-wanted-style.css HTTP/1.1" 304 - "http://localhost:8080/" "Mozilla/5.0 (Macintosh; Intel Mac OS X 10_10_2) AppleWebKit/537.36 (KHTML, like Gecko) Chrome/40.0.2214.115 Safari/537.36"
::1 - - [Fri, 20 Feb 2015 13:45:58 GMT] "GET /stylesheets/video-streams-style.css HTTP/1.1" 304 - "http://localhost:8080/" "Mozilla/5.0 (Macintosh; Intel Mac OS X 10_10_2) AppleWebKit/537.36 (KHTML, like Gecko) Chrome/40.0.2214.115 Safari/537.36"
::1 - - [Fri, 20 Feb 2015 13:45:58 GMT] "GET /stylesheets/video-archive-style.css HTTP/1.1" 304 - "http://localhost:8080/" "Mozilla/5.0 (Macintosh; Intel Mac OS X 10_10_2) AppleWebKit/537.36 (KHTML, like Gecko) Chrome/40.0.2214.115 Safari/537.36"
::1 - - [Fri, 20 Feb 2015 13:45:58 GMT] "GET /stylesheets/ngDialog.min.css HTTP/1.1" 304 - "http://localhost:8080/" "Mozilla/5.0 (Macintosh; Intel Mac OS X 10_10_2) AppleWebKit/537.36 (KHTML, like Gecko) Chrome/40.0.2214.115 Safari/537.36"
::1 - - [Fri, 20 Feb 2015 13:45:58 GMT] "GET /stylesheets/spinner.css HTTP/1.1" 304 - "http://localhost:8080/" "Mozilla/5.0 (Macintosh; Intel Mac OS X 10_10_2) AppleWebKit/537.36 (KHTML, like Gecko) Chrome/40.0.2214.115 Safari/537.36"
::1 - - [Fri, 20 Feb 2015 13:45:58 GMT] "GET /stylesheets/error-dialog-style.css HTTP/1.1" 304 - "http://localhost:8080/" "Mozilla/5.0 (Macintosh; Intel Mac OS X 10_10_2) AppleWebKit/537.36 (KHTML, like Gecko) Chrome/40.0.2214.115 Safari/537.36"
::1 - - [Fri, 20 Feb 2015 13:45:58 GMT] "GET /stylesheets/ngDialog/ngDialog-theme-plain.css HTTP/1.1" 304 - "http://localhost:8080/" "Mozilla/5.0 (Macintosh; Intel Mac OS X 10_10_2) AppleWebKit/537.36 (KHTML, like Gecko) Chrome/40.0.2214.115 Safari/537.36"
::1 - - [Fri, 20 Feb 2015 13:45:58 GMT] "GET /stylesheets/ngDialog/ngDialog-attachment.css HTTP/1.1" 304 - "http://localhost:8080/" "Mozilla/5.0 (Macintosh; Intel Mac OS X 10_10_2) AppleWebKit/537.36 (KHTML, like Gecko) Chrome/40.0.2214.115 Safari/537.36"
::1 - - [Fri, 20 Feb 2015 13:45:58 GMT] "GET /stylesheets/ngDialog/ngDialog-error.css HTTP/1.1" 304 - "http://localhost:8080/" "Mozilla/5.0 (Macintosh; Intel Mac OS X 10_10_2) AppleWebKit/537.36 (KHTML, like Gecko) Chrome/40.0.2214.115 Safari/537.36"
::1 - - [Fri, 20 Feb 2015 13:45:58 GMT] "GET /stylesheets/login-dialog-style.css HTTP/1.1" 304 - "http://localhost:8080/" "Mozilla/5.0 (Macintosh; Intel Mac OS X 10_10_2) AppleWebKit/537.36 (KHTML, like Gecko) Chrome/40.0.2214.115 Safari/537.36"
::1 - - [Fri, 20 Feb 2015 13:45:58 GMT] "GET /stylesheets/angular-snap.min.css HTTP/1.1" 304 - "http://localhost:8080/" "Mozilla/5.0 (Macintosh; Intel Mac OS X 10_10_2) AppleWebKit/537.36 (KHTML, like Gecko) Chrome/40.0.2214.115 Safari/537.36"
::1 - - [Fri, 20 Feb 2015 13:45:58 GMT] "GET /stylesheets/custom.css HTTP/1.1" 304 - "http://localhost:8080/" "Mozilla/5.0 (Macintosh; Intel Mac OS X 10_10_2) AppleWebKit/537.36 (KHTML, like Gecko) Chrome/40.0.2214.115 Safari/537.36"
::1 - - [Fri, 20 Feb 2015 13:45:58 GMT] "GET /stylesheets/maps-style.css HTTP/1.1" 304 - "http://localhost:8080/" "Mozilla/5.0 (Macintosh; Intel Mac OS X 10_10_2) AppleWebKit/537.36 (KHTML, like Gecko) Chrome/40.0.2214.115 Safari/537.36"
::1 - - [Fri, 20 Feb 2015 13:45:58 GMT] "GET /stylesheets/profile-style.css HTTP/1.1" 304 - "http://localhost:8080/" "Mozilla/5.0 (Macintosh; Intel Mac OS X 10_10_2) AppleWebKit/537.36 (KHTML, like Gecko) Chrome/40.0.2214.115 Safari/537.36"
::1 - - [Fri, 20 Feb 2015 13:45:58 GMT] "GET /stylesheets/data-analysis-style.css HTTP/1.1" 304 - "http://localhost:8080/" "Mozilla/5.0 (Macintosh; Intel Mac OS X 10_10_2) AppleWebKit/537.36 (KHTML, like Gecko) Chrome/40.0.2214.115 Safari/537.36"
::1 - - [Fri, 20 Feb 2015 13:45:58 GMT] "GET /stylesheets/ngToast.min.css HTTP/1.1" 304 - "http://localhost:8080/" "Mozilla/5.0 (Macintosh; Intel Mac OS X 10_10_2) AppleWebKit/537.36 (KHTML, like Gecko) Chrome/40.0.2214.115 Safari/537.36"
::1 - - [Fri, 20 Feb 2015 13:46:42 GMT] "GET / HTTP/1.1" 304 - "-" "Mozilla/5.0 (Macintosh; Intel Mac OS X 10_10_2) AppleWebKit/537.36 (KHTML, like Gecko) Chrome/40.0.2214.115 Safari/537.36"
::1 - - [Fri, 20 Feb 2015 13:46:42 GMT] "GET /bootstrap/css/bootstrap.min.css HTTP/1.1" 304 - "http://localhost:8080/" "Mozilla/5.0 (Macintosh; Intel Mac OS X 10_10_2) AppleWebKit/537.36 (KHTML, like Gecko) Chrome/40.0.2214.115 Safari/537.36"
::1 - - [Fri, 20 Feb 2015 13:46:42 GMT] "GET /resources/font-awesome-4.1.0/css/font-awesome.min.css HTTP/1.1" 304 - "http://localhost:8080/" "Mozilla/5.0 (Macintosh; Intel Mac OS X 10_10_2) AppleWebKit/537.36 (KHTML, like Gecko) Chrome/40.0.2214.115 Safari/537.36"
::1 - - [Fri, 20 Feb 2015 13:46:42 GMT] "GET /stylesheets/tipfeed-style.css HTTP/1.1" 304 - "http://localhost:8080/" "Mozilla/5.0 (Macintosh; Intel Mac OS X 10_10_2) AppleWebKit/537.36 (KHTML, like Gecko) Chrome/40.0.2214.115 Safari/537.36"
::1 - - [Fri, 20 Feb 2015 13:46:42 GMT] "GET /stylesheets/most-wanted-style.css HTTP/1.1" 304 - "http://localhost:8080/" "Mozilla/5.0 (Macintosh; Intel Mac OS X 10_10_2) AppleWebKit/537.36 (KHTML, like Gecko) Chrome/40.0.2214.115 Safari/537.36"
::1 - - [Fri, 20 Feb 2015 13:46:42 GMT] "GET /stylesheets/video-streams-style.css HTTP/1.1" 304 - "http://localhost:8080/" "Mozilla/5.0 (Macintosh; Intel Mac OS X 10_10_2) AppleWebKit/537.36 (KHTML, like Gecko) Chrome/40.0.2214.115 Safari/537.36"
::1 - - [Fri, 20 Feb 2015 13:46:42 GMT] "GET /stylesheets/video-archive-style.css HTTP/1.1" 304 - "http://localhost:8080/" "Mozilla/5.0 (Macintosh; Intel Mac OS X 10_10_2) AppleWebKit/537.36 (KHTML, like Gecko) Chrome/40.0.2214.115 Safari/537.36"
::1 - - [Fri, 20 Feb 2015 13:46:42 GMT] "GET /stylesheets/ngDialog.min.css HTTP/1.1" 304 - "http://localhost:8080/" "Mozilla/5.0 (Macintosh; Intel Mac OS X 10_10_2) AppleWebKit/537.36 (KHTML, like Gecko) Chrome/40.0.2214.115 Safari/537.36"
::1 - - [Fri, 20 Feb 2015 13:46:42 GMT] "GET /stylesheets/spinner.css HTTP/1.1" 304 - "http://localhost:8080/" "Mozilla/5.0 (Macintosh; Intel Mac OS X 10_10_2) AppleWebKit/537.36 (KHTML, like Gecko) Chrome/40.0.2214.115 Safari/537.36"
::1 - - [Fri, 20 Feb 2015 13:46:42 GMT] "GET /stylesheets/error-dialog-style.css HTTP/1.1" 304 - "http://localhost:8080/" "Mozilla/5.0 (Macintosh; Intel Mac OS X 10_10_2) AppleWebKit/537.36 (KHTML, like Gecko) Chrome/40.0.2214.115 Safari/537.36"
::1 - - [Fri, 20 Feb 2015 13:46:42 GMT] "GET /stylesheets/ngDialog/ngDialog-theme-plain.css HTTP/1.1" 304 - "http://localhost:8080/" "Mozilla/5.0 (Macintosh; Intel Mac OS X 10_10_2) AppleWebKit/537.36 (KHTML, like Gecko) Chrome/40.0.2214.115 Safari/537.36"
::1 - - [Fri, 20 Feb 2015 13:46:42 GMT] "GET /stylesheets/ngDialog/ngDialog-attachment.css HTTP/1.1" 304 - "http://localhost:8080/" "Mozilla/5.0 (Macintosh; Intel Mac OS X 10_10_2) AppleWebKit/537.36 (KHTML, like Gecko) Chrome/40.0.2214.115 Safari/537.36"
::1 - - [Fri, 20 Feb 2015 13:46:42 GMT] "GET /stylesheets/ngDialog/ngDialog-error.css HTTP/1.1" 304 - "http://localhost:8080/" "Mozilla/5.0 (Macintosh; Intel Mac OS X 10_10_2) AppleWebKit/537.36 (KHTML, like Gecko) Chrome/40.0.2214.115 Safari/537.36"
::1 - - [Fri, 20 Feb 2015 13:46:42 GMT] "GET /stylesheets/login-dialog-style.css HTTP/1.1" 304 - "http://localhost:8080/" "Mozilla/5.0 (Macintosh; Intel Mac OS X 10_10_2) AppleWebKit/537.36 (KHTML, like Gecko) Chrome/40.0.2214.115 Safari/537.36"
::1 - - [Fri, 20 Feb 2015 13:46:42 GMT] "GET /stylesheets/angular-snap.min.css HTTP/1.1" 304 - "http://localhost:8080/" "Mozilla/5.0 (Macintosh; Intel Mac OS X 10_10_2) AppleWebKit/537.36 (KHTML, like Gecko) Chrome/40.0.2214.115 Safari/537.36"
::1 - - [Fri, 20 Feb 2015 13:46:42 GMT] "GET /stylesheets/custom.css HTTP/1.1" 304 - "http://localhost:8080/" "Mozilla/5.0 (Macintosh; Intel Mac OS X 10_10_2) AppleWebKit/537.36 (KHTML, like Gecko) Chrome/40.0.2214.115 Safari/537.36"
::1 - - [Fri, 20 Feb 2015 13:46:42 GMT] "GET /stylesheets/maps-style.css HTTP/1.1" 304 - "http://localhost:8080/" "Mozilla/5.0 (Macintosh; Intel Mac OS X 10_10_2) AppleWebKit/537.36 (KHTML, like Gecko) Chrome/40.0.2214.115 Safari/537.36"
::1 - - [Fri, 20 Feb 2015 13:46:42 GMT] "GET /stylesheets/profile-style.css HTTP/1.1" 304 - "http://localhost:8080/" "Mozilla/5.0 (Macintosh; Intel Mac OS X 10_10_2) AppleWebKit/537.36 (KHTML, like Gecko) Chrome/40.0.2214.115 Safari/537.36"
::1 - - [Fri, 20 Feb 2015 13:46:42 GMT] "GET /stylesheets/data-analysis-style.css HTTP/1.1" 304 - "http://localhost:8080/" "Mozilla/5.0 (Macintosh; Intel Mac OS X 10_10_2) AppleWebKit/537.36 (KHTML, like Gecko) Chrome/40.0.2214.115 Safari/537.36"
::1 - - [Fri, 20 Feb 2015 13:46:42 GMT] "GET /stylesheets/ngToast.min.css HTTP/1.1" 304 - "http://localhost:8080/" "Mozilla/5.0 (Macintosh; Intel Mac OS X 10_10_2) AppleWebKit/537.36 (KHTML, like Gecko) Chrome/40.0.2214.115 Safari/537.36"
::1 - - [Fri, 20 Feb 2015 13:46:42 GMT] "GET /javascript/client.socket.io-1.0.4.js HTTP/1.1" 304 - "http://localhost:8080/" "Mozilla/5.0 (Macintosh; Intel Mac OS X 10_10_2) AppleWebKit/537.36 (KHTML, like Gecko) Chrome/40.0.2214.115 Safari/537.36"
::1 - - [Fri, 20 Feb 2015 13:46:42 GMT] "GET /javascript/jquery-1.11.1.min.js HTTP/1.1" 304 - "http://localhost:8080/" "Mozilla/5.0 (Macintosh; Intel Mac OS X 10_10_2) AppleWebKit/537.36 (KHTML, like Gecko) Chrome/40.0.2214.115 Safari/537.36"
::1 - - [Fri, 20 Feb 2015 13:46:42 GMT] "GET /javascript/jquery-ui.js HTTP/1.1" 304 - "http://localhost:8080/" "Mozilla/5.0 (Macintosh; Intel Mac OS X 10_10_2) AppleWebKit/537.36 (KHTML, like Gecko) Chrome/40.0.2214.115 Safari/537.36"
::1 - - [Fri, 20 Feb 2015 13:46:42 GMT] "GET /javascript/angular.min.js HTTP/1.1" 304 - "http://localhost:8080/" "Mozilla/5.0 (Macintosh; Intel Mac OS X 10_10_2) AppleWebKit/537.36 (KHTML, like Gecko) Chrome/40.0.2214.115 Safari/537.36"
::1 - - [Fri, 20 Feb 2015 13:46:42 GMT] "GET /javascript/angular-file-upload-shim.min.js HTTP/1.1" 304 - "http://localhost:8080/" "Mozilla/5.0 (Macintosh; Intel Mac OS X 10_10_2) AppleWebKit/537.36 (KHTML, like Gecko) Chrome/40.0.2214.115 Safari/537.36"
::1 - - [Fri, 20 Feb 2015 13:46:42 GMT] "GET /javascript/lodash-underscore.min.js HTTP/1.1" 304 - "http://localhost:8080/" "Mozilla/5.0 (Macintosh; Intel Mac OS X 10_10_2) AppleWebKit/537.36 (KHTML, like Gecko) Chrome/40.0.2214.115 Safari/537.36"
::1 - - [Fri, 20 Feb 2015 13:46:42 GMT] "GET /javascript/angular-google-maps.min.js HTTP/1.1" 304 - "http://localhost:8080/" "Mozilla/5.0 (Macintosh; Intel Mac OS X 10_10_2) AppleWebKit/537.36 (KHTML, like Gecko) Chrome/40.0.2214.115 Safari/537.36"
::1 - - [Fri, 20 Feb 2015 13:46:42 GMT] "GET /javascript/socket.min.js HTTP/1.1" 304 - "http://localhost:8080/" "Mozilla/5.0 (Macintosh; Intel Mac OS X 10_10_2) AppleWebKit/537.36 (KHTML, like Gecko) Chrome/40.0.2214.115 Safari/537.36"
::1 - - [Fri, 20 Feb 2015 13:46:42 GMT] "GET /javascript/ngDialog.min.js HTTP/1.1" 304 - "http://localhost:8080/" "Mozilla/5.0 (Macintosh; Intel Mac OS X 10_10_2) AppleWebKit/537.36 (KHTML, like Gecko) Chrome/40.0.2214.115 Safari/537.36"
::1 - - [Fri, 20 Feb 2015 13:46:42 GMT] "GET /javascript/angular-file-upload.min.js HTTP/1.1" 304 - "http://localhost:8080/" "Mozilla/5.0 (Macintosh; Intel Mac OS X 10_10_2) AppleWebKit/537.36 (KHTML, like Gecko) Chrome/40.0.2214.115 Safari/537.36"
::1 - - [Fri, 20 Feb 2015 13:46:42 GMT] "GET /javascript/angular-ui-router.min.js HTTP/1.1" 304 - "http://localhost:8080/" "Mozilla/5.0 (Macintosh; Intel Mac OS X 10_10_2) AppleWebKit/537.36 (KHTML, like Gecko) Chrome/40.0.2214.115 Safari/537.36"
::1 - - [Fri, 20 Feb 2015 13:46:42 GMT] "GET /javascript/angular-ui.js HTTP/1.1" 304 - "http://localhost:8080/" "Mozilla/5.0 (Macintosh; Intel Mac OS X 10_10_2) AppleWebKit/537.36 (KHTML, like Gecko) Chrome/40.0.2214.115 Safari/537.36"
::1 - - [Fri, 20 Feb 2015 13:46:42 GMT] "GET /javascript/sortable.js HTTP/1.1" 304 - "http://localhost:8080/" "Mozilla/5.0 (Macintosh; Intel Mac OS X 10_10_2) AppleWebKit/537.36 (KHTML, like Gecko) Chrome/40.0.2214.115 Safari/537.36"
::1 - - [Fri, 20 Feb 2015 13:46:42 GMT] "GET /javascript/sentihelm-mostwanted.js HTTP/1.1" 304 - "http://localhost:8080/" "Mozilla/5.0 (Macintosh; Intel Mac OS X 10_10_2) AppleWebKit/537.36 (KHTML, like Gecko) Chrome/40.0.2214.115 Safari/537.36"
::1 - - [Fri, 20 Feb 2015 13:46:42 GMT] "GET /javascript/sentihelm-chat.js HTTP/1.1" 304 - "http://localhost:8080/" "Mozilla/5.0 (Macintosh; Intel Mac OS X 10_10_2) AppleWebKit/537.36 (KHTML, like Gecko) Chrome/40.0.2214.115 Safari/537.36"
::1 - - [Fri, 20 Feb 2015 13:46:42 GMT] "GET /javascript/sentihelm-ng.js HTTP/1.1" 200 131584 "http://localhost:8080/" "Mozilla/5.0 (Macintosh; Intel Mac OS X 10_10_2) AppleWebKit/537.36 (KHTML, like Gecko) Chrome/40.0.2214.115 Safari/537.36"
::1 - - [Fri, 20 Feb 2015 13:46:42 GMT] "GET /javascript/spin.js HTTP/1.1" 304 - "http://localhost:8080/" "Mozilla/5.0 (Macintosh; Intel Mac OS X 10_10_2) AppleWebKit/537.36 (KHTML, like Gecko) Chrome/40.0.2214.115 Safari/537.36"
::1 - - [Fri, 20 Feb 2015 13:46:42 GMT] "GET /javascript/angular-spinner.min.js HTTP/1.1" 304 - "http://localhost:8080/" "Mozilla/5.0 (Macintosh; Intel Mac OS X 10_10_2) AppleWebKit/537.36 (KHTML, like Gecko) Chrome/40.0.2214.115 Safari/537.36"
::1 - - [Fri, 20 Feb 2015 13:46:42 GMT] "GET /javascript/snap.min.js HTTP/1.1" 304 - "http://localhost:8080/" "Mozilla/5.0 (Macintosh; Intel Mac OS X 10_10_2) AppleWebKit/537.36 (KHTML, like Gecko) Chrome/40.0.2214.115 Safari/537.36"
::1 - - [Fri, 20 Feb 2015 13:46:42 GMT] "GET /javascript/angular-snap.min.js HTTP/1.1" 304 - "http://localhost:8080/" "Mozilla/5.0 (Macintosh; Intel Mac OS X 10_10_2) AppleWebKit/537.36 (KHTML, like Gecko) Chrome/40.0.2214.115 Safari/537.36"
::1 - - [Fri, 20 Feb 2015 13:46:42 GMT] "GET /javascript/angular-base64-upload.min.js HTTP/1.1" 304 - "http://localhost:8080/" "Mozilla/5.0 (Macintosh; Intel Mac OS X 10_10_2) AppleWebKit/537.36 (KHTML, like Gecko) Chrome/40.0.2214.115 Safari/537.36"
::1 - - [Fri, 20 Feb 2015 13:46:42 GMT] "GET /javascript/ng-google-chart.js HTTP/1.1" 304 - "http://localhost:8080/" "Mozilla/5.0 (Macintosh; Intel Mac OS X 10_10_2) AppleWebKit/537.36 (KHTML, like Gecko) Chrome/40.0.2214.115 Safari/537.36"
::1 - - [Fri, 20 Feb 2015 13:46:42 GMT] "GET /javascript/ng-csv.min.js HTTP/1.1" 304 - "http://localhost:8080/" "Mozilla/5.0 (Macintosh; Intel Mac OS X 10_10_2) AppleWebKit/537.36 (KHTML, like Gecko) Chrome/40.0.2214.115 Safari/537.36"
::1 - - [Fri, 20 Feb 2015 13:46:42 GMT] "GET /javascript/ngToast.min.js HTTP/1.1" 304 - "http://localhost:8080/" "Mozilla/5.0 (Macintosh; Intel Mac OS X 10_10_2) AppleWebKit/537.36 (KHTML, like Gecko) Chrome/40.0.2214.115 Safari/537.36"
::1 - - [Fri, 20 Feb 2015 13:46:42 GMT] "GET /javascript/ngAudio.js HTTP/1.1" 304 - "http://localhost:8080/" "Mozilla/5.0 (Macintosh; Intel Mac OS X 10_10_2) AppleWebKit/537.36 (KHTML, like Gecko) Chrome/40.0.2214.115 Safari/537.36"
::1 - - [Fri, 20 Feb 2015 13:46:43 GMT] "GET /drawer.html HTTP/1.1" 304 - "http://localhost:8080/" "Mozilla/5.0 (Macintosh; Intel Mac OS X 10_10_2) AppleWebKit/537.36 (KHTML, like Gecko) Chrome/40.0.2214.115 Safari/537.36"
::1 - - [Fri, 20 Feb 2015 13:46:43 GMT] "GET /header.html HTTP/1.1" 304 - "http://localhost:8080/" "Mozilla/5.0 (Macintosh; Intel Mac OS X 10_10_2) AppleWebKit/537.36 (KHTML, like Gecko) Chrome/40.0.2214.115 Safari/537.36"
::1 - - [Fri, 20 Feb 2015 13:46:43 GMT] "GET /tipfeed.html HTTP/1.1" 200 9229 "http://localhost:8080/" "Mozilla/5.0 (Macintosh; Intel Mac OS X 10_10_2) AppleWebKit/537.36 (KHTML, like Gecko) Chrome/40.0.2214.115 Safari/537.36"
::1 - - [Fri, 20 Feb 2015 13:46:43 GMT] "GET /login-dialog.html HTTP/1.1" 200 2932 "http://localhost:8080/" "Mozilla/5.0 (Macintosh; Intel Mac OS X 10_10_2) AppleWebKit/537.36 (KHTML, like Gecko) Chrome/40.0.2214.115 Safari/537.36"
::1 - - [Fri, 20 Feb 2015 13:46:43 GMT] "GET /resources/images/sentihelm.png HTTP/1.1" 304 - "http://localhost:8080/" "Mozilla/5.0 (Macintosh; Intel Mac OS X 10_10_2) AppleWebKit/537.36 (KHTML, like Gecko) Chrome/40.0.2214.115 Safari/537.36"
::1 - - [Fri, 20 Feb 2015 13:46:54 GMT] "POST /login HTTP/1.1" 200 2500 "http://localhost:8080/" "Mozilla/5.0 (Macintosh; Intel Mac OS X 10_10_2) AppleWebKit/537.36 (KHTML, like Gecko) Chrome/40.0.2214.115 Safari/537.36"
::1 - - [Fri, 20 Feb 2015 13:46:54 GMT] "GET /resources/font-awesome-4.1.0/fonts/fontawesome-webfont.woff?v=4.1.0 HTTP/1.1" 304 - "http://localhost:8080/resources/font-awesome-4.1.0/css/font-awesome.min.css" "Mozilla/5.0 (Macintosh; Intel Mac OS X 10_10_2) AppleWebKit/537.36 (KHTML, like Gecko) Chrome/40.0.2214.115 Safari/537.36"
::1 - - [Fri, 20 Feb 2015 13:46:54 GMT] "GET /bootstrap/fonts/glyphicons-halflings-regular.woff HTTP/1.1" 304 - "http://localhost:8080/bootstrap/css/bootstrap.min.css" "Mozilla/5.0 (Macintosh; Intel Mac OS X 10_10_2) AppleWebKit/537.36 (KHTML, like Gecko) Chrome/40.0.2214.115 Safari/537.36"
::1 - - [Fri, 20 Feb 2015 13:46:54 GMT] "GET /resources/images/videoAtt.png HTTP/1.1" 304 - "http://localhost:8080/" "Mozilla/5.0 (Macintosh; Intel Mac OS X 10_10_2) AppleWebKit/537.36 (KHTML, like Gecko) Chrome/40.0.2214.115 Safari/537.36"
::1 - - [Fri, 20 Feb 2015 13:46:54 GMT] "GET /resources/images/imageAtt.png HTTP/1.1" 304 - "http://localhost:8080/" "Mozilla/5.0 (Macintosh; Intel Mac OS X 10_10_2) AppleWebKit/537.36 (KHTML, like Gecko) Chrome/40.0.2214.115 Safari/537.36"
::1 - - [Fri, 20 Feb 2015 13:46:54 GMT] "GET /resources/images/audioAtt.png HTTP/1.1" 304 - "http://localhost:8080/" "Mozilla/5.0 (Macintosh; Intel Mac OS X 10_10_2) AppleWebKit/537.36 (KHTML, like Gecko) Chrome/40.0.2214.115 Safari/537.36"
::1 - - [Fri, 20 Feb 2015 13:46:54 GMT] "GET /resources/sounds/notification-sound.mp3 HTTP/1.1" 304 - "http://localhost:8080/" "Mozilla/5.0 (Macintosh; Intel Mac OS X 10_10_2) AppleWebKit/537.36 (KHTML, like Gecko) Chrome/40.0.2214.115 Safari/537.36"
::1 - - [Fri, 20 Feb 2015 13:46:58 GMT] "GET /video-streams.html HTTP/1.1" 200 3944 "http://localhost:8080/" "Mozilla/5.0 (Macintosh; Intel Mac OS X 10_10_2) AppleWebKit/537.36 (KHTML, like Gecko) Chrome/40.0.2214.115 Safari/537.36"
::1 - - [Fri, 20 Feb 2015 13:47:06 GMT] "GET /regional-notifications.html HTTP/1.1" 200 2989 "http://localhost:8080/" "Mozilla/5.0 (Macintosh; Intel Mac OS X 10_10_2) AppleWebKit/537.36 (KHTML, like Gecko) Chrome/40.0.2214.115 Safari/537.36"
::1 - - [Fri, 20 Feb 2015 13:47:14 GMT] "GET /bootstrap/css/bootstrap.min.css HTTP/1.1" 304 - "http://localhost:8080/" "Mozilla/5.0 (Macintosh; Intel Mac OS X 10_10_2) AppleWebKit/537.36 (KHTML, like Gecko) Chrome/40.0.2214.115 Safari/537.36"
::1 - - [Fri, 20 Feb 2015 13:47:14 GMT] "GET /resources/font-awesome-4.1.0/css/font-awesome.min.css HTTP/1.1" 304 - "http://localhost:8080/" "Mozilla/5.0 (Macintosh; Intel Mac OS X 10_10_2) AppleWebKit/537.36 (KHTML, like Gecko) Chrome/40.0.2214.115 Safari/537.36"
::1 - - [Fri, 20 Feb 2015 13:47:14 GMT] "GET /stylesheets/tipfeed-style.css HTTP/1.1" 304 - "http://localhost:8080/" "Mozilla/5.0 (Macintosh; Intel Mac OS X 10_10_2) AppleWebKit/537.36 (KHTML, like Gecko) Chrome/40.0.2214.115 Safari/537.36"
::1 - - [Fri, 20 Feb 2015 13:47:14 GMT] "GET /stylesheets/most-wanted-style.css HTTP/1.1" 304 - "http://localhost:8080/" "Mozilla/5.0 (Macintosh; Intel Mac OS X 10_10_2) AppleWebKit/537.36 (KHTML, like Gecko) Chrome/40.0.2214.115 Safari/537.36"
::1 - - [Fri, 20 Feb 2015 13:47:14 GMT] "GET /stylesheets/video-streams-style.css HTTP/1.1" 304 - "http://localhost:8080/" "Mozilla/5.0 (Macintosh; Intel Mac OS X 10_10_2) AppleWebKit/537.36 (KHTML, like Gecko) Chrome/40.0.2214.115 Safari/537.36"
::1 - - [Fri, 20 Feb 2015 13:47:14 GMT] "GET /stylesheets/video-archive-style.css HTTP/1.1" 304 - "http://localhost:8080/" "Mozilla/5.0 (Macintosh; Intel Mac OS X 10_10_2) AppleWebKit/537.36 (KHTML, like Gecko) Chrome/40.0.2214.115 Safari/537.36"
::1 - - [Fri, 20 Feb 2015 13:47:14 GMT] "GET /stylesheets/ngDialog.min.css HTTP/1.1" 304 - "http://localhost:8080/" "Mozilla/5.0 (Macintosh; Intel Mac OS X 10_10_2) AppleWebKit/537.36 (KHTML, like Gecko) Chrome/40.0.2214.115 Safari/537.36"
::1 - - [Fri, 20 Feb 2015 13:47:14 GMT] "GET /stylesheets/spinner.css HTTP/1.1" 304 - "http://localhost:8080/" "Mozilla/5.0 (Macintosh; Intel Mac OS X 10_10_2) AppleWebKit/537.36 (KHTML, like Gecko) Chrome/40.0.2214.115 Safari/537.36"
::1 - - [Fri, 20 Feb 2015 13:47:14 GMT] "GET /stylesheets/error-dialog-style.css HTTP/1.1" 304 - "http://localhost:8080/" "Mozilla/5.0 (Macintosh; Intel Mac OS X 10_10_2) AppleWebKit/537.36 (KHTML, like Gecko) Chrome/40.0.2214.115 Safari/537.36"
::1 - - [Fri, 20 Feb 2015 13:47:14 GMT] "GET /stylesheets/ngDialog/ngDialog-theme-plain.css HTTP/1.1" 304 - "http://localhost:8080/" "Mozilla/5.0 (Macintosh; Intel Mac OS X 10_10_2) AppleWebKit/537.36 (KHTML, like Gecko) Chrome/40.0.2214.115 Safari/537.36"
::1 - - [Fri, 20 Feb 2015 13:47:14 GMT] "GET /stylesheets/ngDialog/ngDialog-attachment.css HTTP/1.1" 304 - "http://localhost:8080/" "Mozilla/5.0 (Macintosh; Intel Mac OS X 10_10_2) AppleWebKit/537.36 (KHTML, like Gecko) Chrome/40.0.2214.115 Safari/537.36"
::1 - - [Fri, 20 Feb 2015 13:47:14 GMT] "GET /stylesheets/ngDialog/ngDialog-error.css HTTP/1.1" 304 - "http://localhost:8080/" "Mozilla/5.0 (Macintosh; Intel Mac OS X 10_10_2) AppleWebKit/537.36 (KHTML, like Gecko) Chrome/40.0.2214.115 Safari/537.36"
::1 - - [Fri, 20 Feb 2015 13:47:14 GMT] "GET /stylesheets/custom.css HTTP/1.1" 304 - "http://localhost:8080/" "Mozilla/5.0 (Macintosh; Intel Mac OS X 10_10_2) AppleWebKit/537.36 (KHTML, like Gecko) Chrome/40.0.2214.115 Safari/537.36"
::1 - - [Fri, 20 Feb 2015 13:47:14 GMT] "GET /stylesheets/maps-style.css HTTP/1.1" 304 - "http://localhost:8080/" "Mozilla/5.0 (Macintosh; Intel Mac OS X 10_10_2) AppleWebKit/537.36 (KHTML, like Gecko) Chrome/40.0.2214.115 Safari/537.36"
::1 - - [Fri, 20 Feb 2015 13:47:14 GMT] "GET /stylesheets/login-dialog-style.css HTTP/1.1" 304 - "http://localhost:8080/" "Mozilla/5.0 (Macintosh; Intel Mac OS X 10_10_2) AppleWebKit/537.36 (KHTML, like Gecko) Chrome/40.0.2214.115 Safari/537.36"
::1 - - [Fri, 20 Feb 2015 13:47:14 GMT] "GET /stylesheets/angular-snap.min.css HTTP/1.1" 304 - "http://localhost:8080/" "Mozilla/5.0 (Macintosh; Intel Mac OS X 10_10_2) AppleWebKit/537.36 (KHTML, like Gecko) Chrome/40.0.2214.115 Safari/537.36"
::1 - - [Fri, 20 Feb 2015 13:47:14 GMT] "GET /stylesheets/profile-style.css HTTP/1.1" 304 - "http://localhost:8080/" "Mozilla/5.0 (Macintosh; Intel Mac OS X 10_10_2) AppleWebKit/537.36 (KHTML, like Gecko) Chrome/40.0.2214.115 Safari/537.36"
::1 - - [Fri, 20 Feb 2015 13:47:14 GMT] "GET /stylesheets/data-analysis-style.css HTTP/1.1" 304 - "http://localhost:8080/" "Mozilla/5.0 (Macintosh; Intel Mac OS X 10_10_2) AppleWebKit/537.36 (KHTML, like Gecko) Chrome/40.0.2214.115 Safari/537.36"
::1 - - [Fri, 20 Feb 2015 13:47:14 GMT] "GET /stylesheets/ngToast.min.css HTTP/1.1" 304 - "http://localhost:8080/" "Mozilla/5.0 (Macintosh; Intel Mac OS X 10_10_2) AppleWebKit/537.36 (KHTML, like Gecko) Chrome/40.0.2214.115 Safari/537.36"
